Fri Jun 14 12:18:59 EDT 2013
Fri Jun 14 12:19:37 EDT 2013
shutdown at: 
Fri Jun 14 12:19:58 EDT 2013
shutdown at:  + date
Fri Jun 14 12:20:33 EDT 2013
shutdown at:  {#date}
Fri Jun 14 12:22:53 EDT 2013
shutdown at: 
Fri Jun 14 12:23:31 EDT 2013
shutdown at: 
Fri Jun 14 12:24:21 EDT 2013
shutdown at:  date
Fri Jun 14 12:25:06 EDT 2013
shutdown at:  Fri Jun 14 12:26:06 EDT 2013
Fri Jun 14 12:26:06 EDT 2013
shutdown at:  Fri Jun 14 12:30:13 EDT 2013
startup at:  $ date
shutdown at:  Fri Jun 14 12:32:53 EDT 2013
startup at:  Fri Jun 14 12:32:58 EDT 2013
shutdown at:  Fri Jun 14 14:03:53 EDT 2013
startup at:  Fri Jun 14 14:03:58 EDT 2013
shutdown at:  Tue Jun 18 12:08:40 EDT 2013
startup at:  Tue Jun 18 12:08:45 EDT 2013
shutdown at:  Tue Jun 18 12:10:20 EDT 2013
startup at:  Tue Jun 18 12:10:26 EDT 2013
shutdown at:  Tue Jun 18 12:10:46 EDT 2013
startup at:  Tue Jun 18 12:10:52 EDT 2013
shutdown at:  Tue Jun 18 12:13:27 EDT 2013
startup at:  Tue Jun 18 12:13:32 EDT 2013
shutdown at:  Tue Jun 18 12:19:50 EDT 2013
startup at:  Tue Jun 18 12:19:55 EDT 2013
shutdown at:  Tue Jun 18 12:21:11 EDT 2013
startup at:  Tue Jun 18 12:21:17 EDT 2013
shutdown at:  Tue Jun 18 12:55:11 EDT 2013
startup at:  Tue Jun 18 12:55:17 EDT 2013
shutdown at:  Tue Jun 18 13:12:00 EDT 2013
startup at:  Tue Jun 18 13:12:06 EDT 2013
shutdown at:  Tue Jun 18 16:01:19 EDT 2013
startup at:  Tue Jun 18 16:01:25 EDT 2013
shutdown at:  Tue Jun 18 16:02:24 EDT 2013
startup at:  Tue Jun 18 16:02:30 EDT 2013
shutdown at:  Tue Jun 18 16:22:15 EDT 2013
startup at:  Tue Jun 18 16:22:20 EDT 2013
shutdown at:  Tue Jun 18 17:14:26 EDT 2013
startup at:  Tue Jun 18 17:14:32 EDT 2013
shutdown at:  Wed Jun 19 09:50:00 EDT 2013
startup at:  Wed Jun 19 09:50:05 EDT 2013
shutdown at:  Wed Jun 19 10:17:00 EDT 2013
startup at:  Wed Jun 19 10:17:05 EDT 2013
shutdown at:  Wed Jun 19 10:26:09 EDT 2013
startup at:  Wed Jun 19 10:26:15 EDT 2013
shutdown at:  Wed Jun 19 10:51:28 EDT 2013
startup at:  Wed Jun 19 10:51:34 EDT 2013
shutdown at:  Wed Jun 19 11:00:43 EDT 2013
startup at:  Wed Jun 19 11:00:49 EDT 2013
shutdown at:  Wed Jun 19 11:05:04 EDT 2013
startup at:  Wed Jun 19 11:05:10 EDT 2013
shutdown at:  Wed Jun 19 11:13:52 EDT 2013
startup at:  Wed Jun 19 11:13:58 EDT 2013
shutdown at:  Wed Jun 19 11:17:35 EDT 2013
startup at:  Wed Jun 19 11:17:41 EDT 2013
shutdown at:  Wed Jun 19 11:28:21 EDT 2013
startup at:  Wed Jun 19 11:28:26 EDT 2013
shutdown at:  Wed Jun 19 11:34:21 EDT 2013
startup at:  Wed Jun 19 11:34:26 EDT 2013
shutdown at:  Wed Jun 19 11:51:24 EDT 2013
startup at:  Wed Jun 19 11:51:30 EDT 2013
shutdown at:  Wed Jun 19 12:00:36 EDT 2013
startup at:  Wed Jun 19 12:00:42 EDT 2013
shutdown at:  Wed Jun 19 12:03:12 EDT 2013
startup at:  Wed Jun 19 12:03:18 EDT 2013
shutdown at:  Wed Jun 19 12:04:21 EDT 2013
startup at:  Wed Jun 19 12:04:26 EDT 2013
shutdown at:  Wed Jun 19 12:08:21 EDT 2013
startup at:  Wed Jun 19 12:08:26 EDT 2013
shutdown at:  Wed Jun 19 12:17:35 EDT 2013
startup at:  Wed Jun 19 12:17:41 EDT 2013
shutdown at:  Wed Jun 19 13:41:19 EDT 2013
startup at:  Wed Jun 19 13:41:24 EDT 2013
shutdown at:  Wed Jun 19 14:02:17 EDT 2013
startup at:  Wed Jun 19 14:02:23 EDT 2013
shutdown at:  Wed Jun 19 14:03:42 EDT 2013
startup at:  Wed Jun 19 14:03:48 EDT 2013
shutdown at:  Wed Jun 19 16:15:11 EDT 2013
startup at:  Wed Jun 19 16:15:17 EDT 2013
shutdown at:  Mon Jun 24 12:17:18 EDT 2013
startup at:  Mon Jun 24 12:17:24 EDT 2013
shutdown at:  Mon Jun 24 14:49:28 EDT 2013
startup at:  Mon Jun 24 14:49:34 EDT 2013
shutdown at:  Mon Jun 24 14:54:58 EDT 2013
startup at:  Mon Jun 24 14:55:04 EDT 2013
shutdown at:  Mon Jun 24 15:21:44 EDT 2013
startup at:  Mon Jun 24 15:21:50 EDT 2013
shutdown at:  Mon Jun 24 16:40:48 EDT 2013
startup at:  Mon Jun 24 16:40:54 EDT 2013
shutdown at:  Mon Jun 24 16:46:50 EDT 2013
startup at:  Mon Jun 24 16:46:56 EDT 2013
shutdown at:  Tue Jun 25 11:19:51 EDT 2013
startup at:  Tue Jun 25 11:19:57 EDT 2013
shutdown at:  Tue Jun 25 11:29:10 EDT 2013
startup at:  Tue Jun 25 11:29:16 EDT 2013
shutdown at:  Tue Jun 25 11:32:21 EDT 2013
startup at:  Tue Jun 25 11:32:27 EDT 2013
shutdown at:  Tue Jun 25 11:34:57 EDT 2013
startup at:  Tue Jun 25 11:35:03 EDT 2013
shutdown at:  Tue Jun 25 11:57:29 EDT 2013
startup at:  Tue Jun 25 11:57:35 EDT 2013
shutdown at:  Tue Jun 25 12:06:19 EDT 2013
startup at:  Tue Jun 25 12:06:25 EDT 2013
shutdown at:  Tue Jun 25 12:22:18 EDT 2013
startup at:  Tue Jun 25 12:22:23 EDT 2013
shutdown at:  Tue Jun 25 12:45:47 EDT 2013
startup at:  Tue Jun 25 12:45:53 EDT 2013
shutdown at:  Tue Jun 25 12:58:20 EDT 2013
startup at:  Tue Jun 25 12:58:25 EDT 2013
shutdown at:  Tue Jun 25 13:19:17 EDT 2013
startup at:  Tue Jun 25 13:19:22 EDT 2013
shutdown at:  Tue Jun 25 15:42:37 EDT 2013
startup at:  Tue Jun 25 15:42:43 EDT 2013
shutdown at:  Tue Jun 25 17:17:51 EDT 2013
startup at:  Tue Jun 25 17:17:56 EDT 2013
shutdown at:  Wed Jun 26 09:57:49 EDT 2013
startup at:  Wed Jun 26 09:57:54 EDT 2013
shutdown at:  Wed Jun 26 10:04:51 EDT 2013
startup at:  Wed Jun 26 10:04:57 EDT 2013
shutdown at:  Wed Jun 26 10:29:03 EDT 2013
startup at:  Wed Jun 26 10:29:09 EDT 2013
shutdown at:  Wed Jun 26 10:43:38 EDT 2013
startup at:  Wed Jun 26 10:43:44 EDT 2013
shutdown at:  Wed Jun 26 11:19:08 EDT 2013
startup at:  Wed Jun 26 11:19:14 EDT 2013
shutdown at:  Wed Jun 26 11:39:41 EDT 2013
startup at:  Wed Jun 26 11:39:47 EDT 2013
shutdown at:  Wed Jun 26 11:41:45 EDT 2013
startup at:  Wed Jun 26 11:41:50 EDT 2013
shutdown at:  Wed Jun 26 11:44:47 EDT 2013
startup at:  Wed Jun 26 11:44:53 EDT 2013
shutdown at:  Wed Jun 26 11:47:04 EDT 2013
startup at:  Wed Jun 26 11:47:09 EDT 2013
shutdown at:  Wed Jun 26 11:52:52 EDT 2013
startup at:  Wed Jun 26 11:52:58 EDT 2013
shutdown at:  Wed Jun 26 14:03:13 EDT 2013
startup at:  Wed Jun 26 14:03:19 EDT 2013
shutdown at:  Wed Jun 26 14:20:09 EDT 2013
startup at:  Wed Jun 26 14:20:15 EDT 2013
shutdown at:  Wed Jun 26 14:44:05 EDT 2013
startup at:  Wed Jun 26 14:44:10 EDT 2013
shutdown at:  Wed Jun 26 15:00:28 EDT 2013
startup at:  Wed Jun 26 15:00:34 EDT 2013
shutdown at:  Wed Jun 26 15:07:55 EDT 2013
startup at:  Wed Jun 26 15:08:01 EDT 2013
shutdown at:  Wed Jun 26 16:11:38 EDT 2013
startup at:  Wed Jun 26 16:11:44 EDT 2013
shutdown at:  Wed Jun 26 17:34:50 EDT 2013
startup at:  Wed Jun 26 17:34:55 EDT 2013
shutdown at:  Fri Jul 5 12:00:47 EDT 2013
startup at:  Fri Jul 5 12:00:52 EDT 2013
shutdown at:  Mon Jul 15 11:46:47 EDT 2013
startup at:  Mon Jul 15 11:46:53 EDT 2013
